[Fri, 11 Feb 2011 16:50:36 GMT] INFO master started
[Fri, 11 Feb 2011 16:50:36 GMT] INFO spawned worker 0
[Fri, 11 Feb 2011 16:50:36 GMT] INFO spawned worker 1
[Fri, 11 Feb 2011 16:50:36 GMT] INFO spawned worker 2
[Fri, 11 Feb 2011 16:50:36 GMT] INFO spawned worker 3
[Fri, 11 Feb 2011 16:50:42 GMT] INFO repl connection from 127.0.0.1
[Fri, 11 Feb 2011 16:53:46 GMT] INFO spawned worker 4
[Fri, 11 Feb 2011 16:54:08 GMT] WARNING shutting down master
[Fri, 11 Feb 2011 16:54:08 GMT] WARNING sent kill(SIGKILL) to all workers
[Fri, 11 Feb 2011 16:54:08 GMT] INFO shutdown complete
[Fri, 11 Feb 2011 16:54:08 GMT] ERROR worker 2 died
[Fri, 11 Feb 2011 16:54:08 GMT] ERROR worker 3 died
[Fri, 11 Feb 2011 16:54:09 GMT] WARNING shutting down master
[Fri, 11 Feb 2011 16:54:10 GMT] INFO master started
[Fri, 11 Feb 2011 16:54:10 GMT] INFO spawned worker 0
[Fri, 11 Feb 2011 16:54:10 GMT] INFO spawned worker 1
[Fri, 11 Feb 2011 16:54:10 GMT] INFO spawned worker 2
[Fri, 11 Feb 2011 16:54:10 GMT] INFO spawned worker 3
[Fri, 11 Feb 2011 16:54:12 GMT] INFO repl connection from 127.0.0.1
[Fri, 11 Feb 2011 16:54:18 GMT] INFO spawned worker 4
[Fri, 11 Feb 2011 16:54:18 GMT] INFO spawned worker 5
[Fri, 11 Feb 2011 16:54:18 GMT] INFO spawned worker 6
[Fri, 11 Feb 2011 16:54:18 GMT] INFO spawned worker 7
[Fri, 11 Feb 2011 16:55:06 GMT] WARNING shutting down master
[Fri, 11 Feb 2011 16:55:06 GMT] WARNING sent kill(SIGKILL) to all workers
[Fri, 11 Feb 2011 16:55:06 GMT] INFO shutdown complete
[Fri, 11 Feb 2011 16:55:06 GMT] ERROR worker 5 died
[Fri, 11 Feb 2011 16:55:06 GMT] ERROR worker 7 died
[Fri, 11 Feb 2011 16:55:06 GMT] ERROR worker 6 died
[Fri, 11 Feb 2011 16:55:07 GMT] WARNING shutting down master
[Fri, 11 Feb 2011 16:55:07 GMT] INFO master started
[Fri, 11 Feb 2011 16:55:07 GMT] INFO spawned worker 0
[Fri, 11 Feb 2011 16:55:07 GMT] INFO spawned worker 1
[Fri, 11 Feb 2011 16:55:07 GMT] INFO spawned worker 2
[Fri, 11 Feb 2011 16:55:07 GMT] INFO spawned worker 3
[Fri, 11 Feb 2011 16:55:08 GMT] INFO repl connection from 127.0.0.1
[Fri, 11 Feb 2011 16:55:13 GMT] ERROR worker 2 died
[Fri, 11 Feb 2011 16:55:13 GMT] INFO spawned worker 2
[Fri, 11 Feb 2011 16:55:15 GMT] ERROR worker 3 died
[Fri, 11 Feb 2011 16:55:15 GMT] INFO spawned worker 3
[Fri, 11 Feb 2011 16:56:17 GMT] WARNING sent kill(SIGQUIT) to all workers
[Fri, 11 Feb 2011 16:56:17 GMT] ERROR worker 0 died
[Fri, 11 Feb 2011 16:56:17 GMT] INFO spawned worker 0
[Fri, 11 Feb 2011 16:56:17 GMT] ERROR worker 3 died
[Fri, 11 Feb 2011 16:56:17 GMT] INFO spawned worker 3
[Fri, 11 Feb 2011 16:56:17 GMT] ERROR worker 2 died
[Fri, 11 Feb 2011 16:56:17 GMT] INFO spawned worker 2
[Fri, 11 Feb 2011 16:56:17 GMT] ERROR worker 1 died
[Fri, 11 Feb 2011 16:56:17 GMT] INFO spawned worker 1
[Fri, 11 Feb 2011 16:56:43 GMT] WARNING shutting down master
[Fri, 11 Feb 2011 16:56:43 GMT] WARNING sent kill(SIGKILL) to all workers
[Fri, 11 Feb 2011 16:56:43 GMT] INFO shutdown complete
[Fri, 11 Feb 2011 16:56:43 GMT] ERROR worker 2 died
[Fri, 11 Feb 2011 16:56:44 GMT] WARNING shutting down master
[Fri, 11 Feb 2011 16:58:48 GMT] INFO master started
[Fri, 11 Feb 2011 16:58:48 GMT] INFO spawned worker 0
[Fri, 11 Feb 2011 16:58:48 GMT] INFO spawned worker 1
[Fri, 11 Feb 2011 16:58:48 GMT] INFO spawned worker 2
[Fri, 11 Feb 2011 16:58:48 GMT] INFO spawned worker 3
[Fri, 11 Feb 2011 16:58:50 GMT] INFO repl connection from 127.0.0.1
[Fri, 11 Feb 2011 16:59:06 GMT] ERROR worker 3 died
[Fri, 11 Feb 2011 16:59:06 GMT] INFO spawned worker 3
[Fri, 11 Feb 2011 16:59:21 GMT] ERROR worker 2 died
[Fri, 11 Feb 2011 16:59:21 GMT] INFO spawned worker 2
[Fri, 11 Feb 2011 17:01:34 GMT] WARNING shutting down master
[Fri, 11 Feb 2011 17:01:34 GMT] WARNING sent kill(SIGKILL) to all workers
[Fri, 11 Feb 2011 17:01:34 GMT] INFO shutdown complete
[Fri, 11 Feb 2011 17:01:34 GMT] ERROR worker 1 died
[Fri, 11 Feb 2011 17:01:34 GMT] ERROR worker 2 died
[Fri, 11 Feb 2011 17:01:34 GMT] ERROR worker 3 died
[Fri, 11 Feb 2011 17:01:34 GMT] WARNING shutting down master
[Fri, 11 Feb 2011 17:07:12 GMT] INFO master started
[Fri, 11 Feb 2011 17:07:12 GMT] INFO spawned worker 0
[Fri, 11 Feb 2011 17:07:12 GMT] INFO spawned worker 1
[Fri, 11 Feb 2011 17:07:12 GMT] INFO spawned worker 2
[Fri, 11 Feb 2011 17:07:12 GMT] INFO spawned worker 3
[Fri, 11 Feb 2011 17:07:14 GMT] INFO repl connection from 127.0.0.1
[Fri, 11 Feb 2011 17:11:07 GMT] INFO repl disconnect from 127.0.0.1
[Fri, 11 Feb 2011 17:11:08 GMT] WARNING shutting down master
[Fri, 11 Feb 2011 17:11:08 GMT] WARNING sent kill(SIGKILL) to all workers
[Fri, 11 Feb 2011 17:11:08 GMT] INFO shutdown complete
[Fri, 11 Feb 2011 17:11:08 GMT] ERROR worker 3 died
[Fri, 11 Feb 2011 17:11:08 GMT] ERROR worker 0 died
[Fri, 11 Feb 2011 17:11:08 GMT] ERROR worker 2 died
